Arguments: 
  /usr/local/bin/node /Users/evan/.yarn/bin/yarn.js init

PATH: 
  /Users/evan/.opam/system/bin:/Users/evan/.cargo/bin:/opt/local/bin:/opt/local/sbin:/Users/evan/.local/bin:/Users/evan/.yarn/bin:/Users/evan/.config/yarn/global/node_modules/.bin:.:/usr/local/opt/emacs-plus/bin:/Users/evan/bin:/usr/local/Cellar/ruby/2.4.1/bin/ruby:/usr/local/bin:/usr/bin:/bin:/usr/sbin:/sbin:/usr/local/bin:/opt/X11/bin:/Library/Frameworks/Mono.framework/Versions/Current/Commands:/Applications/Postgres.app/Contents/Versions/latest/bin:/usr/local/opt/go/libexec/bin:/Users/evan/miniconda3/bin:/Applications/Visual Studio Code.app/Contents/Resources/app/bin

Yarn version: 
  1.22.4

Node version: 
  10.16.0

Platform: 
  darwin x64

Trace: 
  Error: canceled
      at Interface.<anonymous> (/Users/evan/.yarn/lib/cli.js:137008:13)
      at Interface.emit (events.js:198:13)
      at Interface._ttyWrite (readline.js:801:16)
      at ReadStream.onkeypress (readline.js:184:10)
      at ReadStream.emit (events.js:198:13)
      at emitKeys (internal/readline.js:424:14)
      at emitKeys.next (<anonymous>)
      at ReadStream.onData (readline.js:1075:36)
      at ReadStream.emit (events.js:198:13)
      at addChunk (_stream_readable.js:288:12)

npm manifest: 
  No manifest

yarn manifest: 
  No manifest

Lockfile: 
  No lockfile
